<?xml version="1.0" encoding="UTF-8"?>
<!-- Generated by org.testng.reporters.JUnitXMLReporter -->
<testsuite hostname="Ventive" name="Test 1" tests="4" failures="0" timestamp="6 Jan 2019 22:21:49 GMT" time="153.368" errors="0">
  <testcase name="loginTest" time="0.013" classname="com.qa.testcases.ExcelDataLoginTest"/>
  <testcase name="loginPageTitleTest" time="0.02" classname="com.qa.testcases.LoginPageTest"/>
  <testcase name="loginTest" time="68.352" classname="com.qa.testcases.LoginPageTest"/>
  <testcase name="acSubmitListing" time="57.631" classname="com.qa.testcases.OpenHouses_ListingsPageTest"/>
</testsuite> <!-- Test 1 -->
