<?xml version="1.0" encoding="UTF-8"?>
<!-- Generated by org.testng.reporters.JUnitXMLReporter -->
<testsuite hostname="LAPTOP-BA9PSA1P" name="Default test" tests="4" failures="0" timestamp="3 Feb 2019 03:39:06 GMT" time="63.761" errors="0">
  <testcase name="verifyLogin" time="18.689" classname="com.qa.testcases.SanityTCTest"/>
  <testcase name="verifyLoginAsTC1" time="9.944" classname="com.qa.testcases.SanityTCTest"/>
  <testcase name="verifyGotoListingsDealsPage" time="13.905" classname="com.qa.testcases.SanityTCTest"/>
  <testcase name="verifyTCListingsDealsPage" time="15.945" classname="com.qa.testcases.SanityTCTest"/>
</testsuite> <!-- Default test -->
