<?xml version="1.0" encoding="UTF-8"?>
<!-- Generated by org.testng.reporters.JUnitXMLReporter -->
<testsuite hostname="Ventive" name="Test 1" tests="4" failures="0" timestamp="7 Jan 2019 01:25:20 GMT" time="124.854" errors="0">
  <testcase name="loginTest" time="0.001" classname="com.qa.testcases.ExcelDataLoginTest"/>
  <testcase name="loginPageTitleTest" time="0.02" classname="com.qa.testcases.LoginPageTest"/>
  <testcase name="loginTest" time="39.524" classname="com.qa.testcases.LoginPageTest"/>
  <testcase name="acSubmitListing" time="58.497" classname="com.qa.testcases.OpenHouses_ListingsPageTest"/>
</testsuite> <!-- Test 1 -->
