<?xml version="1.0" encoding="UTF-8"?>
<testsuite xmlns:xsi="http://www.w3.org/2001/XMLSchema-instance" xsi:noNamespaceSchemaLocation="https://maven.apache.org/surefire/maven-surefire-plugin/xsd/surefire-test-report-3.0.xsd" version="3.0" name="TestSuite" time="86.664" tests="1" errors="0" skipped="0" failures="1">
  <properties>
[...]
</properties>
  <testcase name="sanityTestBrokerAllPages" classname="com.qa.testcases.SanityBrokerTest" time="74.374">
    <failure message="element not visible&#10;  (Session info: chrome=71.0.3578.98)&#10;  (Driver info: chromedriver=2.36.540470 (e522d04694c7ebea4ba8821272dbef4f9b818c91),platform=Windows NT 10.0.17134 x86_64) (WARNING: The server did not provide any stacktrace information)&#10;Command duration or timeout: 0 milliseconds&#10;Build info: version: &apos;3.141.59&apos;, revision: &apos;e82be7d358&apos;, time: &apos;2018-11-14T08:17:03&apos;&#10;System info: host: &apos;VENTIVE&apos;, ip: &apos;192.168.1.13&apos;, os.name: &apos;Windows 10&apos;, os.arch: &apos;amd64&apos;, os.version: &apos;10.0&apos;, java.version: &apos;1.8.0_191&apos;&#10;Driver info: org.openqa.selenium.chrome.ChromeDriver&#10;Capabilities {acceptInsecureCerts: false, acceptSslCerts: false, applicationCacheEnabled: false, browserConnectionEnabled: false, browserName: chrome, chrome: {chromedriverVersion: 2.36.540470 (e522d04694c7eb..., userDataDir: C:\Users\jayge\AppData\Loca...}, cssSelectorsEnabled: true, databaseEnabled: false, handlesAlerts: true, hasTouchScreen: false, javascriptEnabled: true, locationContextEnabled: true, mobileEmulationEnabled: false, nativeEvents: true, networkConnectionEnabled: false, pageLoadStrategy: normal, platform: XP, platformName: XP, rotatable: false, setWindowRect: true, takesHeapSnapshot: true, takesScreenshot: true, unexpectedAlertBehaviour: , unhandledPromptBehavior: , version: 71.0.3578.98, webStorageEnabled: true}&#10;Session ID: 7af0eee0bbcfd4793dd3088f90b68d18" type="org.openqa.selenium.ElementNotVisibleException">org.openqa.selenium.ElementNotVisibleException: 
element not visible
  (Session info: chrome=71.0.3578.98)
  (Driver info: chromedriver=2.36.540470 (e522d04694c7ebea4ba8821272dbef4f9b818c91),platform=Windows NT 10.0.17134 x86_64) (WARNING: The server did not provide any stacktrace information)
Command duration or timeout: 0 milliseconds
Build info: version: '3.141.59', revision: 'e82be7d358', time: '2018-11-14T08:17:03'
System info: host: 'VENTIVE', ip: '192.168.1.13', os.name: 'Windows 10', os.arch: 'amd64', os.version: '10.0', java.version: '1.8.0_191'
Driver info: org.openqa.selenium.chrome.ChromeDriver
Capabilities {acceptInsecureCerts: false, acceptSslCerts: false, applicationCacheEnabled: false, browserConnectionEnabled: false, browserName: chrome, chrome: {chromedriverVersion: 2.36.540470 (e522d04694c7eb..., userDataDir: C:\Users\jayge\AppData\Loca...}, cssSelectorsEnabled: true, databaseEnabled: false, handlesAlerts: true, hasTouchScreen: false, javascriptEnabled: true, locationContextEnabled: true, mobileEmulationEnabled: false, nativeEvents: true, networkConnectionEnabled: false, pageLoadStrategy: normal, platform: XP, platformName: XP, rotatable: false, setWindowRect: true, takesHeapSnapshot: true, takesScreenshot: true, unexpectedAlertBehaviour: , unhandledPromptBehavior: , version: 71.0.3578.98, webStorageEnabled: true}
Session ID: 7af0eee0bbcfd4793dd3088f90b68d18
	at com.qa.testcases.SanityBrokerTest.sanityTestBrokerAllPages(SanityBrokerTest.java:34)
</failure>
    <system-out><![CDATA[01-20-2019 17:52:06 TestBase.java INFO  [main] base.TestBase 31 - GETTING WEBSITE URL, USERNAME, PASSWORD, AND BROWSER INFO FROM CONFIG1.PROPERTIES
01-20-2019 17:52:06 TestBase.java INFO  [main] base.TestBase 35 - GETTING SELENIUM OBJECTS FROM CONFIG2.PROPERTIES
01-20-2019 17:52:10 TestBase.java INFO  [main] base.TestBase 60 - LAUNCHING CHROME BROWSER
01-20-2019 17:52:17 TestBase.java INFO  [main] base.TestBase 31 - GETTING WEBSITE URL, USERNAME, PASSWORD, AND BROWSER INFO FROM CONFIG1.PROPERTIES
01-20-2019 17:52:17 TestBase.java INFO  [main] base.TestBase 35 - GETTING SELENIUM OBJECTS FROM CONFIG2.PROPERTIES
01-20-2019 17:52:17 TestBase.java INFO  [main] base.TestBase 31 - GETTING WEBSITE URL, USERNAME, PASSWORD, AND BROWSER INFO FROM CONFIG1.PROPERTIES
01-20-2019 17:52:17 TestBase.java INFO  [main] base.TestBase 35 - GETTING SELENIUM OBJECTS FROM CONFIG2.PROPERTIES
01-20-2019 17:52:17 TestBase.java INFO  [main] base.TestBase 31 - GETTING WEBSITE URL, USERNAME, PASSWORD, AND BROWSER INFO FROM CONFIG1.PROPERTIES
01-20-2019 17:52:17 TestBase.java INFO  [main] base.TestBase 35 - GETTING SELENIUM OBJECTS FROM CONFIG2.PROPERTIES
01-20-2019 17:52:17 LoginPage.java INFO  [main] pages.LoginPage 31 - ***** START TC: LOGIN INTO APPLIATION *****
01-20-2019 17:52:22 LoginPage.java INFO  [main] pages.LoginPage 35 - CLICKED ON GOOGLE BUTTON
01-20-2019 17:52:25 LoginPage.java INFO  [main] pages.LoginPage 39 - ENTERED USERNAME
01-20-2019 17:52:30 LoginPage.java INFO  [main] pages.LoginPage 43 - CLICKED ON NEXT BUTTON
]]></system-out>
    <system-err><![CDATA[Starting ChromeDriver 2.36.540470 (e522d04694c7ebea4ba8821272dbef4f9b818c91) on port 28953
Only local connections are allowed.
Jan 20, 2019 5:52:10 PM org.openqa.selenium.remote.ProtocolHandshake createSession
INFO: Detected dialect: OSS
]]></system-err>
  </testcase>
</testsuite>