<?xml version="1.0" encoding="UTF-8"?>
<testng-results skipped="0" failed="0" total="3" passed="3">
  <reporter-output>
  </reporter-output>
  <suite name="Default suite" duration-ms="54806" started-at="2019-02-22T22:47:08Z" finished-at="2019-02-22T22:48:02Z">
    <groups>
    </groups>
    <test name="Default test" duration-ms="54806" started-at="2019-02-22T22:47:08Z" finished-at="2019-02-22T22:48:02Z">
      <class name="com.qa.testcases.TC_Listings_DealsPageTest">
        <test-method status="PASS" signature="setUp()[pri:0, instance:com.qa.testcases.TC_Listings_DealsPageTest@13805618]" name="setUp" is-config="true" duration-ms="8223" started-at="2019-02-22T15:47:08Z" finished-at="2019-02-22T15:47:16Z">
          <reporter-output>
          </reporter-output>
        </test-method> <!-- setUp -->
        <test-method status="PASS" signature="verifyLogin()[pri:0, instance:com.qa.testcases.TC_Listings_DealsPageTest@13805618]" name="verifyLogin" duration-ms="20899" started-at="2019-02-22T15:47:16Z" finished-at="2019-02-22T15:47:37Z">
          <reporter-output>
          </reporter-output>
        </test-method> <!-- verifyLogin -->
        <test-method status="PASS" signature="verifyLoginAsTC1()[pri:0, instance:com.qa.testcases.TC_Listings_DealsPageTest@13805618]" name="verifyLoginAsTC1" duration-ms="14009" started-at="2019-02-22T15:47:37Z" finished-at="2019-02-22T15:47:51Z">
          <reporter-output>
          </reporter-output>
        </test-method> <!-- verifyLoginAsTC1 -->
        <test-method status="PASS" signature="verifyTC_Approve_LS1_1AgreementTab()[pri:0, instance:com.qa.testcases.TC_Listings_DealsPageTest@13805618]" name="verifyTC_Approve_LS1_1AgreementTab" duration-ms="11623" started-at="2019-02-22T15:47:51Z" finished-at="2019-02-22T15:48:02Z">
          <reporter-output>
          </reporter-output>
        </test-method> <!-- verifyTC_Approve_LS1_1AgreementTab -->
        <test-method status="PASS" signature="tearDown()[pri:0, instance:com.qa.testcases.TC_Listings_DealsPageTest@13805618]" name="tearDown" is-config="true" duration-ms="2" started-at="2019-02-22T15:48:02Z" finished-at="2019-02-22T15:48:02Z">
          <reporter-output>
          </reporter-output>
        </test-method> <!-- tearDown -->
      </class> <!-- com.qa.testcases.TC_Listings_DealsPageTest -->
    </test> <!-- Default test -->
  </suite> <!-- Default suite -->
</testng-results>
